<?xml version="1.0" encoding="UTF-8"?>
<!-- Generated by org.testng.reporters.JUnitXMLReporter -->
<testsuite hostname="sanjeev-H110M-S2" ignored="0" name="College Profile Test" tests="3" failures="0" timestamp="09 Feb 2019 06:19:42 GMT" time="28.176" errors="0">
  <testcase name="collegeProfileCard" time="5.628" classname="com.collegeprofile.Collegeprofile"/>
  <testcase name="collegeviewPopUp" time="5.595" classname="com.collegeprofile.Collegeprofile"/>
  <testcase name="downloadBrochure" time="16.544" classname="com.collegeprofile.Collegeprofile"/>
</testsuite> <!-- College Profile Test -->
