<?xml version="1.0" encoding="UTF-8"?>
<!-- Generated by org.testng.reporters.JUnitXMLReporter -->
<testsuite hostname="sanjeev-H110M-S2" ignored="0" name="LogIN PopUpPage Test" tests="6" failures="0" timestamp="09 Feb 2019 06:19:14 GMT" time="40.056" errors="0">
  <testcase name="loginAskbtn" time="6.502" classname="com.loginpopup.Loginpopup"/>
  <testcase name="loginContactbtn" time="7.067" classname="com.loginpopup.Loginpopup"/>
  <testcase name="loginHomePage" time="4.308" classname="com.loginpopup.Loginpopup"/>
  <testcase name="loginWriteReviewbtn" time="6.54" classname="com.loginpopup.Loginpopup"/>
  <testcase name="logindownBrochurbtn" time="6.665" classname="com.loginpopup.Loginpopup"/>
  <testcase name="samplePaperLoingPupUp" time="2.373" classname="com.loginpopup.Loginpopup"/>
</testsuite> <!-- LogIN PopUpPage Test -->
